<?xml version="1.0" encoding="UTF-8"?>
<!-- Generated by org.testng.reporters.JUnitReportReporter -->
<testsuite hostname="DESKTOP-DL1MHBB" failures="0" tests="5" name="com.QA.TestExecution.DemoWeb_TestExecution" time="69.754" errors="0" timestamp="2022-01-18T21:59:40 IST" skipped="0">
  <testcase classname="com.QA.TestExecution.DemoWeb_TestExecution" name="CheckSignInButton" time="12.023"/>
  <system-out/>
  <testcase classname="com.QA.TestExecution.DemoWeb_TestExecution" name="CheckSearchBox" time="21.085"/>
  <system-out/>
  <testcase classname="com.QA.TestExecution.DemoWeb_TestExecution" name="CheckMajorTabs" time="16.706"/>
  <system-out/>
  <testcase classname="com.QA.TestExecution.DemoWeb_TestExecution" name="CheckAddToCartButton" time="10.444"/>
  <system-out/>
  <testcase classname="com.QA.TestExecution.DemoWeb_TestExecution" name="CheckSuvBlocks" time="9.496"/>
  <system-out/>
</testsuite> <!-- com.QA.TestExecution.DemoWeb_TestExecution -->
